<?xml version="1.0" ?>
<coverage branch-rate="0" branches-covered="0" branches-valid="0" complexity="0" line-rate="0.4607" lines-covered="299" lines-valid="649" timestamp="1585220124849" version="5.0.4">
	<!-- Generated by coverage.py: https://coverage.readthedocs.io -->
	<!-- Based on https://raw.githubusercontent.com/cobertura/web/master/htdocs/xml/coverage-04.dtd -->
	<sources>
		<source>/home/user/dox/giphouse/CLST-2020</source>
	</sources>
	<packages>
		<package branch-rate="0" complexity="0" line-rate="0" name="equestria">
			<classes>
				<class branch-rate="0" complexity="0" filename="equestria/manage.py" line-rate="0" name="manage.py">
					<methods/>
					<lines>
						<line hits="0" number="2"/>
						<line hits="0" number="3"/>
						<line hits="0" number="4"/>
						<line hits="0" number="7"/>
						<line hits="0" number="9"/>
						<line hits="0" number="10"/>
						<line hits="0" number="11"/>
						<line hits="0" number="12"/>
						<line hits="0" number="13"/>
						<line hits="0" number="18"/>
						<line hits="0" number="21"/>
						<line hits="0" number="22"/>
					</lines>
				</class>
			</classes>
		</package>
		<package branch-rate="0" complexity="0" line-rate="0.3371" name="equestria.accounts">
			<classes>
				<class branch-rate="0" complexity="0" filename="equestria/accounts/__init__.py" line-rate="1" name="__init__.py">
					<methods/>
					<lines/>
				</class>
				<class branch-rate="0" complexity="0" filename="equestria/accounts/admin.py" line-rate="0" name="admin.py">
					<methods/>
					<lines>
						<line hits="0" number="1"/>
						<line hits="0" number="2"/>
						<line hits="0" number="5"/>
					</lines>
				</class>
				<class branch-rate="0" complexity="0" filename="equestria/accounts/apps.py" line-rate="0" name="apps.py">
					<methods/>
					<lines>
						<line hits="0" number="1"/>
						<line hits="0" number="4"/>
						<line hits="0" number="7"/>
					</lines>
				</class>
				<class branch-rate="0" complexity="0" filename="equestria/accounts/models.py" line-rate="0.1" name="models.py">
					<methods/>
					<lines>
						<line hits="0" number="1"/>
						<line hits="0" number="2"/>
						<line hits="0" number="3"/>
						<line hits="0" number="4"/>
						<line hits="0" number="7"/>
						<line hits="0" number="10"/>
						<line hits="0" number="11"/>
						<line hits="0" number="12"/>
						<line hits="0" number="18"/>
						<line hits="0" number="19"/>
						<line hits="0" number="20"/>
						<line hits="0" number="21"/>
						<line hits="0" number="22"/>
						<line hits="0" number="23"/>
						<line hits="0" number="25"/>
						<line hits="0" number="27"/>
						<line hits="0" number="30"/>
						<line hits="1" number="32"/>
						<line hits="1" number="33"/>
						<line hits="0" number="36"/>
					</lines>
				</class>
				<class branch-rate="0" complexity="0" filename="equestria/accounts/tests.py" line-rate="1" name="tests.py">
					<methods/>
					<lines>
						<line hits="1" number="1"/>
					</lines>
				</class>
				<class branch-rate="0" complexity="0" filename="equestria/accounts/urls.py" line-rate="1" name="urls.py">
					<methods/>
					<lines>
						<line hits="1" number="1"/>
						<line hits="1" number="2"/>
						<line hits="1" number="4"/>
					</lines>
				</class>
				<class branch-rate="0" complexity="0" filename="equestria/accounts/views.py" line-rate="0.4068" name="views.py">
					<methods/>
					<lines>
						<line hits="1" number="1"/>
						<line hits="1" number="2"/>
						<line hits="1" number="3"/>
						<line hits="1" number="4"/>
						<line hits="1" number="5"/>
						<line hits="1" number="6"/>
						<line hits="1" number="7"/>
						<line hits="1" number="10"/>
						<line hits="1" number="13"/>
						<line hits="1" number="15"/>
						<line hits="0" number="17"/>
						<line hits="0" number="18"/>
						<line hits="1" number="20"/>
						<line hits="0" number="22"/>
						<line hits="0" number="23"/>
						<line hits="0" number="24"/>
						<line hits="0" number="26"/>
						<line hits="0" number="27"/>
						<line hits="0" number="30"/>
						<line hits="0" number="34"/>
						<line hits="1" number="37"/>
						<line hits="1" number="40"/>
						<line hits="1" number="42"/>
						<line hits="1" number="44"/>
						<line hits="1" number="45"/>
						<line hits="1" number="47"/>
						<line hits="0" number="49"/>
						<line hits="0" number="50"/>
						<line hits="0" number="52"/>
						<line hits="0" number="53"/>
						<line hits="0" number="54"/>
						<line hits="0" number="55"/>
						<line hits="0" number="57"/>
						<line hits="0" number="60"/>
						<line hits="0" number="61"/>
						<line hits="1" number="64"/>
						<line hits="1" number="67"/>
						<line hits="0" number="69"/>
						<line hits="0" number="70"/>
						<line hits="1" number="73"/>
						<line hits="1" number="76"/>
						<line hits="1" number="78"/>
						<line hits="0" number="80"/>
						<line hits="0" number="85"/>
						<line hits="1" number="87"/>
						<line hits="0" number="89"/>
						<line hits="0" number="90"/>
						<line hits="1" number="92"/>
						<line hits="0" number="94"/>
						<line hits="0" number="96"/>
						<line hits="0" number="99"/>
						<line hits="0" number="100"/>
						<line hits="0" number="103"/>
						<line hits="0" number="106"/>
						<line hits="0" number="109"/>
						<line hits="0" number="112"/>
						<line hits="0" number="115"/>
						<line hits="0" number="117"/>
						<line hits="0" number="118"/>
					</lines>
				</class>
			</classes>
		</package>
		<package branch-rate="0" complexity="0" line-rate="1" name="equestria.accounts.migrations">
			<classes>
				<class branch-rate="0" complexity="0" filename="equestria/accounts/migrations/0001_initial.py" line-rate="1" name="0001_initial.py">
					<methods/>
					<lines>
						<line hits="1" number="3"/>
						<line hits="1" number="4"/>
						<line hits="1" number="5"/>
						<line hits="1" number="6"/>
						<line hits="1" number="9"/>
						<line hits="1" number="11"/>
						<line hits="1" number="13"/>
						<line hits="1" number="17"/>
					</lines>
				</class>
				<class branch-rate="0" complexity="0" filename="equestria/accounts/migrations/__init__.py" line-rate="1" name="__init__.py">
					<methods/>
					<lines/>
				</class>
			</classes>
		</package>
		<package branch-rate="0" complexity="0" line-rate="0.4342" name="equestria.equestria">
			<classes>
				<class branch-rate="0" complexity="0" filename="equestria/equestria/__init__.py" line-rate="1" name="__init__.py">
					<methods/>
					<lines/>
				</class>
				<class branch-rate="0" complexity="0" filename="equestria/equestria/settings.py" line-rate="0" name="settings.py">
					<methods/>
					<lines>
						<line hits="0" number="13"/>
						<line hits="0" number="16"/>
						<line hits="0" number="23"/>
						<line hits="0" number="26"/>
						<line hits="0" number="28"/>
						<line hits="0" number="29"/>
						<line hits="0" number="33"/>
						<line hits="0" number="50"/>
						<line hits="0" number="52"/>
						<line hits="0" number="59"/>
						<line hits="0" number="61"/>
						<line hits="0" number="71"/>
						<line hits="0" number="73"/>
						<line hits="0" number="90"/>
						<line hits="0" number="96"/>
						<line hits="0" number="104"/>
						<line hits="0" number="109"/>
						<line hits="0" number="126"/>
						<line hits="0" number="128"/>
						<line hits="0" number="130"/>
						<line hits="0" number="132"/>
						<line hits="0" number="134"/>
						<line hits="0" number="140"/>
						<line hits="0" number="142"/>
						<line hits="0" number="143"/>
						<line hits="0" number="144"/>
						<line hits="0" number="145"/>
						<line hits="0" number="147"/>
						<line hits="0" number="148"/>
						<line hits="0" number="151"/>
						<line hits="0" number="152"/>
						<line hits="0" number="154"/>
						<line hits="0" number="155"/>
					</lines>
				</class>
				<class branch-rate="0" complexity="0" filename="equestria/equestria/urls.py" line-rate="1" name="urls.py">
					<methods/>
					<lines>
						<line hits="1" number="1"/>
						<line hits="1" number="2"/>
						<line hits="1" number="3"/>
						<line hits="1" number="4"/>
						<line hits="1" number="5"/>
						<line hits="1" number="7"/>
						<line hits="1" number="31"/>
						<line hits="1" number="32"/>
					</lines>
				</class>
				<class branch-rate="0" complexity="0" filename="equestria/equestria/view_generic.py" line-rate="0.7273" name="view_generic.py">
					<methods/>
					<lines>
						<line hits="1" number="1"/>
						<line hits="1" number="2"/>
						<line hits="1" number="3"/>
						<line hits="1" number="4"/>
						<line hits="1" number="7"/>
						<line hits="1" number="10"/>
						<line hits="1" number="12"/>
						<line hits="0" number="14"/>
						<line hits="0" number="19"/>
						<line hits="1" number="21"/>
						<line hits="1" number="23"/>
						<line hits="1" number="25"/>
						<line hits="0" number="27"/>
						<line hits="1" number="30"/>
						<line hits="1" number="33"/>
						<line hits="1" number="35"/>
						<line hits="1" number="36"/>
						<line hits="1" number="38"/>
						<line hits="1" number="40"/>
						<line hits="0" number="42"/>
						<line hits="0" number="43"/>
						<line hits="0" number="45"/>
					</lines>
				</class>
				<class branch-rate="0" complexity="0" filename="equestria/equestria/views.py" line-rate="1" name="views.py">
					<methods/>
					<lines>
						<line hits="1" number="1"/>
						<line hits="1" number="4"/>
						<line hits="1" number="7"/>
						<line hits="1" number="10"/>
						<line hits="1" number="13"/>
						<line hits="1" number="16"/>
						<line hits="1" number="19"/>
						<line hits="1" number="22"/>
						<line hits="1" number="25"/>
					</lines>
				</class>
				<class branch-rate="0" complexity="0" filename="equestria/equestria/wsgi.py" line-rate="0" name="wsgi.py">
					<methods/>
					<lines>
						<line hits="0" number="10"/>
						<line hits="0" number="12"/>
						<line hits="0" number="14"/>
						<line hits="0" number="16"/>
					</lines>
				</class>
			</classes>
		</package>
		<package branch-rate="0" complexity="0" line-rate="1" name="equestria.equestria.tests">
			<classes>
				<class branch-rate="0" complexity="0" filename="equestria/equestria/tests/__init__.py" line-rate="1" name="__init__.py">
					<methods/>
					<lines/>
				</class>
				<class branch-rate="0" complexity="0" filename="equestria/equestria/tests/test_forms.py" line-rate="1" name="test_forms.py">
					<methods/>
					<lines/>
				</class>
				<class branch-rate="0" complexity="0" filename="equestria/equestria/tests/test_models.py" line-rate="1" name="test_models.py">
					<methods/>
					<lines/>
				</class>
				<class branch-rate="0" complexity="0" filename="equestria/equestria/tests/test_urls.py" line-rate="1" name="test_urls.py">
					<methods/>
					<lines>
						<line hits="1" number="1"/>
						<line hits="1" number="2"/>
						<line hits="1" number="3"/>
						<line hits="1" number="4"/>
						<line hits="1" number="7"/>
						<line hits="1" number="10"/>
						<line hits="1" number="17"/>
						<line hits="1" number="18"/>
						<line hits="1" number="20"/>
						<line hits="1" number="22"/>
						<line hits="1" number="24"/>
						<line hits="1" number="26"/>
						<line hits="1" number="28"/>
						<line hits="1" number="30"/>
						<line hits="1" number="32"/>
						<line hits="1" number="34"/>
						<line hits="1" number="36"/>
						<line hits="1" number="38"/>
					</lines>
				</class>
				<class branch-rate="0" complexity="0" filename="equestria/equestria/tests/test_views.py" line-rate="1" name="test_views.py">
					<methods/>
					<lines>
						<line hits="1" number="1"/>
						<line hits="1" number="2"/>
						<line hits="1" number="3"/>
						<line hits="1" number="6"/>
						<line hits="1" number="9"/>
						<line hits="1" number="10"/>
						<line hits="1" number="12"/>
						<line hits="1" number="14"/>
						<line hits="1" number="15"/>
						<line hits="1" number="17"/>
						<line hits="1" number="25"/>
						<line hits="1" number="26"/>
						<line hits="1" number="27"/>
						<line hits="1" number="29"/>
						<line hits="1" number="36"/>
						<line hits="1" number="39"/>
						<line hits="1" number="42"/>
						<line hits="1" number="44"/>
						<line hits="1" number="48"/>
						<line hits="1" number="50"/>
						<line hits="1" number="51"/>
						<line hits="1" number="53"/>
						<line hits="1" number="54"/>
						<line hits="1" number="55"/>
						<line hits="1" number="56"/>
						<line hits="1" number="58"/>
						<line hits="1" number="66"/>
						<line hits="1" number="67"/>
						<line hits="1" number="68"/>
						<line hits="1" number="70"/>
						<line hits="1" number="77"/>
						<line hits="1" number="78"/>
						<line hits="1" number="79"/>
						<line hits="1" number="82"/>
						<line hits="1" number="85"/>
						<line hits="1" number="87"/>
						<line hits="1" number="95"/>
						<line hits="1" number="98"/>
						<line hits="1" number="100"/>
						<line hits="1" number="102"/>
						<line hits="1" number="105"/>
						<line hits="1" number="108"/>
						<line hits="1" number="110"/>
						<line hits="1" number="112"/>
						<line hits="1" number="113"/>
						<line hits="1" number="114"/>
						<line hits="1" number="117"/>
						<line hits="1" number="120"/>
						<line hits="1" number="122"/>
						<line hits="1" number="124"/>
						<line hits="1" number="125"/>
						<line hits="1" number="126"/>
						<line hits="1" number="129"/>
						<line hits="1" number="132"/>
						<line hits="1" number="134"/>
						<line hits="1" number="136"/>
						<line hits="1" number="137"/>
						<line hits="1" number="138"/>
						<line hits="1" number="141"/>
						<line hits="1" number="144"/>
						<line hits="1" number="146"/>
						<line hits="1" number="148"/>
						<line hits="1" number="149"/>
						<line hits="1" number="150"/>
					</lines>
				</class>
			</classes>
		</package>
		<package branch-rate="0" complexity="0" line-rate="1" name="equestria.equestria.tests.functional_tests">
			<classes>
				<class branch-rate="0" complexity="0" filename="equestria/equestria/tests/functional_tests/__init__.py" line-rate="1" name="__init__.py">
					<methods/>
					<lines/>
				</class>
				<class branch-rate="0" complexity="0" filename="equestria/equestria/tests/functional_tests/test_general_ui.py" line-rate="1" name="test_general_ui.py">
					<methods/>
					<lines>
						<line hits="1" number="1"/>
						<line hits="1" number="2"/>
						<line hits="1" number="5"/>
						<line hits="1" number="8"/>
						<line hits="1" number="10"/>
						<line hits="1" number="12"/>
						<line hits="1" number="14"/>
						<line hits="1" number="16"/>
						<line hits="1" number="18"/>
						<line hits="1" number="20"/>
						<line hits="1" number="27"/>
						<line hits="1" number="29"/>
						<line hits="1" number="36"/>
						<line hits="1" number="38"/>
						<line hits="1" number="45"/>
						<line hits="1" number="47"/>
						<line hits="1" number="54"/>
						<line hits="1" number="56"/>
						<line hits="1" number="63"/>
						<line hits="1" number="66"/>
						<line hits="1" number="69"/>
						<line hits="1" number="71"/>
						<line hits="1" number="72"/>
						<line hits="1" number="73"/>
						<line hits="1" number="74"/>
						<line hits="1" number="75"/>
						<line hits="1" number="80"/>
						<line hits="1" number="82"/>
						<line hits="1" number="83"/>
						<line hits="1" number="84"/>
						<line hits="1" number="85"/>
						<line hits="1" number="86"/>
						<line hits="1" number="87"/>
						<line hits="1" number="88"/>
						<line hits="1" number="89"/>
					</lines>
				</class>
			</classes>
		</package>
		<package branch-rate="0" complexity="0" line-rate="0.2207" name="equestria.scripts">
			<classes>
				<class branch-rate="0" complexity="0" filename="equestria/scripts/__init__.py" line-rate="1" name="__init__.py">
					<methods/>
					<lines/>
				</class>
				<class branch-rate="0" complexity="0" filename="equestria/scripts/admin.py" line-rate="0" name="admin.py">
					<methods/>
					<lines>
						<line hits="0" number="1"/>
						<line hits="0" number="2"/>
						<line hits="0" number="7"/>
						<line hits="0" number="14"/>
						<line hits="0" number="15"/>
						<line hits="0" number="18"/>
						<line hits="0" number="21"/>
						<line hits="0" number="24"/>
						<line hits="0" number="31"/>
						<line hits="0" number="32"/>
						<line hits="0" number="35"/>
						<line hits="0" number="38"/>
						<line hits="0" number="41"/>
						<line hits="0" number="42"/>
						<line hits="0" number="43"/>
					</lines>
				</class>
				<class branch-rate="0" complexity="0" filename="equestria/scripts/apps.py" line-rate="0" name="apps.py">
					<methods/>
					<lines>
						<line hits="0" number="1"/>
						<line hits="0" number="4"/>
						<line hits="0" number="7"/>
					</lines>
				</class>
				<class branch-rate="0" complexity="0" filename="equestria/scripts/clamhelper.py" line-rate="0.2381" name="clamhelper.py">
					<methods/>
					<lines>
						<line hits="1" number="1"/>
						<line hits="1" number="11"/>
						<line hits="1" number="12"/>
						<line hits="1" number="13"/>
						<line hits="1" number="14"/>
						<line hits="1" number="15"/>
						<line hits="1" number="16"/>
						<line hits="1" number="17"/>
						<line hits="1" number="18"/>
						<line hits="1" number="21"/>
						<line hits="0" number="29"/>
						<line hits="0" number="30"/>
						<line hits="0" number="31"/>
						<line hits="0" number="32"/>
						<line hits="0" number="33"/>
						<line hits="0" number="38"/>
						<line hits="0" number="39"/>
						<line hits="1" number="42"/>
						<line hits="0" number="44"/>
						<line hits="0" number="45"/>
						<line hits="0" number="46"/>
						<line hits="1" number="58"/>
						<line hits="0" number="60"/>
						<line hits="0" number="61"/>
						<line hits="0" number="62"/>
						<line hits="0" number="63"/>
						<line hits="0" number="64"/>
						<line hits="0" number="66"/>
						<line hits="0" number="67"/>
						<line hits="0" number="68"/>
						<line hits="1" number="71"/>
						<line hits="0" number="78"/>
						<line hits="0" number="79"/>
						<line hits="0" number="80"/>
						<line hits="0" number="81"/>
						<line hits="0" number="82"/>
						<line hits="0" number="83"/>
						<line hits="0" number="84"/>
						<line hits="0" number="85"/>
						<line hits="0" number="86"/>
						<line hits="0" number="87"/>
						<line hits="0" number="88"/>
						<line hits="0" number="89"/>
						<line hits="0" number="90"/>
						<line hits="0" number="92"/>
						<line hits="1" number="95"/>
						<line hits="0" number="101"/>
						<line hits="0" number="103"/>
						<line hits="0" number="104"/>
						<line hits="1" number="107"/>
						<line hits="0" number="115"/>
						<line hits="0" number="116"/>
						<line hits="0" number="117"/>
						<line hits="0" number="118"/>
						<line hits="0" number="121"/>
						<line hits="0" number="122"/>
						<line hits="0" number="123"/>
						<line hits="0" number="124"/>
						<line hits="0" number="125"/>
						<line hits="0" number="126"/>
						<line hits="0" number="127"/>
						<line hits="0" number="128"/>
						<line hits="0" number="129"/>
					</lines>
				</class>
				<class branch-rate="0" complexity="0" filename="equestria/scripts/models.py" line-rate="0" name="models.py">
					<methods/>
					<lines>
						<line hits="0" number="1"/>
						<line hits="0" number="5"/>
						<line hits="0" number="6"/>
						<line hits="0" number="7"/>
						<line hits="0" number="8"/>
						<line hits="0" number="9"/>
						<line hits="0" number="12"/>
						<line hits="0" number="28"/>
						<line hits="0" number="30"/>
						<line hits="0" number="32"/>
						<line hits="0" number="39"/>
						<line hits="0" number="41"/>
						<line hits="0" number="43"/>
						<line hits="0" number="45"/>
						<line hits="0" number="47"/>
						<line hits="0" number="55"/>
						<line hits="0" number="56"/>
						<line hits="0" number="59"/>
						<line hits="0" number="70"/>
						<line hits="0" number="71"/>
						<line hits="0" number="72"/>
						<line hits="0" number="73"/>
						<line hits="0" number="74"/>
						<line hits="0" number="76"/>
						<line hits="0" number="78"/>
						<line hits="0" number="80"/>
						<line hits="0" number="82"/>
						<line hits="0" number="90"/>
						<line hits="0" number="91"/>
						<line hits="0" number="94"/>
						<line hits="0" number="103"/>
						<line hits="0" number="105"/>
						<line hits="0" number="113"/>
						<line hits="0" number="114"/>
						<line hits="0" number="115"/>
						<line hits="0" number="117"/>
						<line hits="0" number="123"/>
						<line hits="0" number="126"/>
						<line hits="0" number="144"/>
						<line hits="0" number="145"/>
						<line hits="0" number="146"/>
						<line hits="0" number="147"/>
						<line hits="0" number="148"/>
						<line hits="0" number="149"/>
						<line hits="0" number="150"/>
						<line hits="0" number="151"/>
						<line hits="0" number="152"/>
						<line hits="0" number="154"/>
						<line hits="0" number="162"/>
						<line hits="0" number="163"/>
						<line hits="0" number="164"/>
						<line hits="0" number="167"/>
						<line hits="0" number="179"/>
						<line hits="0" number="180"/>
						<line hits="0" number="181"/>
						<line hits="0" number="182"/>
						<line hits="0" number="184"/>
						<line hits="0" number="186"/>
					</lines>
				</class>
				<class branch-rate="0" complexity="0" filename="equestria/scripts/tests.py" line-rate="1" name="tests.py">
					<methods/>
					<lines>
						<line hits="1" number="1"/>
					</lines>
				</class>
				<class branch-rate="0" complexity="0" filename="equestria/scripts/urls.py" line-rate="1" name="urls.py">
					<methods/>
					<lines>
						<line hits="1" number="1"/>
						<line hits="1" number="2"/>
						<line hits="1" number="4"/>
					</lines>
				</class>
				<class branch-rate="0" complexity="0" filename="equestria/scripts/views.py" line-rate="0.4" name="views.py">
					<methods/>
					<lines>
						<line hits="1" number="1"/>
						<line hits="1" number="2"/>
						<line hits="1" number="3"/>
						<line hits="1" number="4"/>
						<line hits="1" number="5"/>
						<line hits="1" number="6"/>
						<line hits="1" number="7"/>
						<line hits="1" number="8"/>
						<line hits="1" number="9"/>
						<line hits="1" number="10"/>
						<line hits="1" number="11"/>
						<line hits="1" number="14"/>
						<line hits="1" number="17"/>
						<line hits="0" number="25"/>
						<line hits="1" number="27"/>
						<line hits="0" number="39"/>
						<line hits="0" number="40"/>
						<line hits="0" number="41"/>
						<line hits="0" number="42"/>
						<line hits="0" number="43"/>
						<line hits="0" number="45"/>
						<line hits="1" number="56"/>
						<line hits="1" number="59"/>
						<line hits="1" number="61"/>
						<line hits="1" number="69"/>
						<line hits="1" number="70"/>
						<line hits="1" number="72"/>
						<line hits="1" number="73"/>
						<line hits="1" number="77"/>
						<line hits="0" number="85"/>
						<line hits="0" number="86"/>
						<line hits="0" number="87"/>
						<line hits="0" number="90"/>
						<line hits="0" number="91"/>
						<line hits="0" number="93"/>
						<line hits="0" number="94"/>
						<line hits="1" number="97"/>
						<line hits="1" number="100"/>
						<line hits="1" number="102"/>
						<line hits="0" number="110"/>
						<line hits="0" number="111"/>
						<line hits="0" number="112"/>
						<line hits="0" number="113"/>
						<line hits="0" number="114"/>
						<line hits="0" number="117"/>
						<line hits="0" number="123"/>
						<line hits="1" number="125"/>
						<line hits="0" number="133"/>
						<line hits="0" number="134"/>
						<line hits="0" number="135"/>
						<line hits="0" number="137"/>
						<line hits="0" number="139"/>
						<line hits="0" number="140"/>
						<line hits="0" number="142"/>
						<line hits="1" number="144"/>
						<line hits="0" number="153"/>
						<line hits="0" number="154"/>
						<line hits="0" number="157"/>
						<line hits="0" number="158"/>
						<line hits="0" number="159"/>
						<line hits="0" number="160"/>
						<line hits="0" number="161"/>
						<line hits="0" number="162"/>
						<line hits="0" number="163"/>
						<line hits="0" number="164"/>
						<line hits="1" number="167"/>
						<line hits="0" number="169"/>
						<line hits="0" number="170"/>
						<line hits="0" number="171"/>
						<line hits="0" number="175"/>
					</lines>
				</class>
			</classes>
		</package>
		<package branch-rate="0" complexity="0" line-rate="1" name="equestria.scripts.migrations">
			<classes>
				<class branch-rate="0" complexity="0" filename="equestria/scripts/migrations/0001_initial.py" line-rate="1" name="0001_initial.py">
					<methods/>
					<lines>
						<line hits="1" number="3"/>
						<line hits="1" number="4"/>
						<line hits="1" number="7"/>
						<line hits="1" number="9"/>
						<line hits="1" number="11"/>
						<line hits="1" number="14"/>
					</lines>
				</class>
				<class branch-rate="0" complexity="0" filename="equestria/scripts/migrations/__init__.py" line-rate="1" name="__init__.py">
					<methods/>
					<lines/>
				</class>
			</classes>
		</package>
		<package branch-rate="0" complexity="0" line-rate="0.4118" name="equestria.upload">
			<classes>
				<class branch-rate="0" complexity="0" filename="equestria/upload/__init__.py" line-rate="1" name="__init__.py">
					<methods/>
					<lines/>
				</class>
				<class branch-rate="0" complexity="0" filename="equestria/upload/admin.py" line-rate="0" name="admin.py">
					<methods/>
					<lines>
						<line hits="0" number="1"/>
						<line hits="0" number="2"/>
						<line hits="0" number="4"/>
					</lines>
				</class>
				<class branch-rate="0" complexity="0" filename="equestria/upload/apps.py" line-rate="0" name="apps.py">
					<methods/>
					<lines>
						<line hits="0" number="1"/>
						<line hits="0" number="4"/>
						<line hits="0" number="7"/>
					</lines>
				</class>
				<class branch-rate="0" complexity="0" filename="equestria/upload/formExtension.py" line-rate="0.4737" name="formExtension.py">
					<methods/>
					<lines>
						<line hits="1" number="1"/>
						<line hits="1" number="3"/>
						<line hits="1" number="6"/>
						<line hits="1" number="28"/>
						<line hits="1" number="30"/>
						<line hits="1" number="31"/>
						<line hits="1" number="33"/>
						<line hits="1" number="35"/>
						<line hits="0" number="37"/>
						<line hits="0" number="38"/>
						<line hits="0" number="39"/>
						<line hits="0" number="40"/>
						<line hits="0" number="41"/>
						<line hits="0" number="42"/>
						<line hits="0" number="43"/>
						<line hits="0" number="47"/>
						<line hits="1" number="50"/>
						<line hits="0" number="51"/>
						<line hits="0" number="53"/>
					</lines>
				</class>
				<class branch-rate="0" complexity="0" filename="equestria/upload/forms.py" line-rate="1" name="forms.py">
					<methods/>
					<lines>
						<line hits="1" number="1"/>
						<line hits="1" number="2"/>
						<line hits="1" number="5"/>
						<line hits="1" number="8"/>
						<line hits="1" number="16"/>
						<line hits="1" number="19"/>
						<line hits="1" number="27"/>
						<line hits="1" number="30"/>
						<line hits="1" number="31"/>
					</lines>
				</class>
				<class branch-rate="0" complexity="0" filename="equestria/upload/models.py" line-rate="0" name="models.py">
					<methods/>
					<lines>
						<line hits="0" number="1"/>
						<line hits="0" number="2"/>
						<line hits="0" number="3"/>
						<line hits="0" number="4"/>
						<line hits="0" number="9"/>
						<line hits="0" number="15"/>
						<line hits="0" number="16"/>
						<line hits="0" number="17"/>
						<line hits="0" number="18"/>
						<line hits="0" number="20"/>
						<line hits="0" number="22"/>
						<line hits="0" number="24"/>
						<line hits="0" number="31"/>
					</lines>
				</class>
				<class branch-rate="0" complexity="0" filename="equestria/upload/tests.py" line-rate="1" name="tests.py">
					<methods/>
					<lines>
						<line hits="1" number="1"/>
					</lines>
				</class>
				<class branch-rate="0" complexity="0" filename="equestria/upload/urls.py" line-rate="1" name="urls.py">
					<methods/>
					<lines>
						<line hits="1" number="1"/>
						<line hits="1" number="2"/>
						<line hits="1" number="3"/>
						<line hits="1" number="4"/>
						<line hits="1" number="5"/>
						<line hits="1" number="7"/>
						<line hits="1" number="13"/>
						<line hits="1" number="14"/>
					</lines>
				</class>
				<class branch-rate="0" complexity="0" filename="equestria/upload/views.py" line-rate="0.3492" name="views.py">
					<methods/>
					<lines>
						<line hits="1" number="1"/>
						<line hits="1" number="2"/>
						<line hits="1" number="3"/>
						<line hits="1" number="4"/>
						<line hits="1" number="5"/>
						<line hits="1" number="6"/>
						<line hits="1" number="7"/>
						<line hits="1" number="8"/>
						<line hits="1" number="9"/>
						<line hits="1" number="10"/>
						<line hits="1" number="11"/>
						<line hits="1" number="14"/>
						<line hits="0" number="16"/>
						<line hits="0" number="17"/>
						<line hits="0" number="18"/>
						<line hits="1" number="21"/>
						<line hits="0" number="23"/>
						<line hits="0" number="24"/>
						<line hits="0" number="25"/>
						<line hits="0" number="26"/>
						<line hits="0" number="27"/>
						<line hits="1" number="30"/>
						<line hits="0" number="32"/>
						<line hits="0" number="33"/>
						<line hits="0" number="34"/>
						<line hits="0" number="35"/>
						<line hits="0" number="38"/>
						<line hits="0" number="40"/>
						<line hits="0" number="42"/>
						<line hits="0" number="44"/>
						<line hits="0" number="45"/>
						<line hits="1" number="48"/>
						<line hits="1" number="56"/>
						<line hits="1" number="58"/>
						<line hits="0" number="60"/>
						<line hits="0" number="61"/>
						<line hits="0" number="63"/>
						<line hits="0" number="64"/>
						<line hits="1" number="66"/>
						<line hits="0" number="71"/>
						<line hits="0" number="72"/>
						<line hits="0" number="74"/>
						<line hits="0" number="75"/>
						<line hits="0" number="76"/>
						<line hits="0" number="78"/>
						<line hits="0" number="79"/>
						<line hits="0" number="81"/>
						<line hits="1" number="84"/>
						<line hits="1" number="90"/>
						<line hits="1" number="105"/>
						<line hits="0" number="107"/>
						<line hits="0" number="108"/>
						<line hits="0" number="110"/>
						<line hits="0" number="111"/>
						<line hits="1" number="113"/>
						<line hits="0" number="118"/>
						<line hits="0" number="120"/>
						<line hits="0" number="122"/>
						<line hits="0" number="123"/>
						<line hits="0" number="125"/>
						<line hits="0" number="127"/>
						<line hits="0" number="128"/>
						<line hits="0" number="130"/>
					</lines>
				</class>
			</classes>
		</package>
		<package branch-rate="0" complexity="0" line-rate="1" name="equestria.upload.migrations">
			<classes>
				<class branch-rate="0" complexity="0" filename="equestria/upload/migrations/0001_initial.py" line-rate="1" name="0001_initial.py">
					<methods/>
					<lines>
						<line hits="1" number="3"/>
						<line hits="1" number="6"/>
						<line hits="1" number="8"/>
						<line hits="1" number="10"/>
						<line hits="1" number="13"/>
					</lines>
				</class>
				<class branch-rate="0" complexity="0" filename="equestria/upload/migrations/0002_auto_20200325_1504.py" line-rate="1" name="0002_auto_20200325_1504.py">
					<methods/>
					<lines>
						<line hits="1" number="3"/>
						<line hits="1" number="6"/>
						<line hits="1" number="8"/>
						<line hits="1" number="12"/>
					</lines>
				</class>
				<class branch-rate="0" complexity="0" filename="equestria/upload/migrations/__init__.py" line-rate="1" name="__init__.py">
					<methods/>
					<lines/>
				</class>
			</classes>
		</package>
	</packages>
</coverage>
